{"uuid":"66aeff6b-4a41-448c-84a7-e40b9781e8fe","historyId":"2960d3dd9167fc63ebacf877e1e042eb","fullName":"tests.HepsiBuradaTests.testSenario02","labels":[{"name":"package","value":"tests.HepsiBuradaTests"},{"name":"testClass","value":"tests.HepsiBuradaTests"},{"name":"testMethod","value":"testSenario02"},{"name":"parentSuite","value":"Default Suite"},{"name":"suite","value":"HepsiBuradaTestSenariyo"},{"name":"subSuite","value":"tests.HepsiBuradaTests"},{"name":"host","value":"hayatbirokul"},{"name":"thread","value":"29688@hayatbirokul.main(1)"},{"name":"framework","value":"testng"},{"name":"language","value":"java"},{"name":"story","value":"HepsiBuradaTest senaryosu 2"}],"links":[],"name":"Login olmadan ürün secme ve doğrulama senaryosu","status":"failed","statusDetails":{"known":false,"muted":false,"flaky":false,"message":"expected [Şirine-Ticaret] but found [Şi̇ri̇ne-Ti̇caret]","trace":"java.lang.AssertionError: expected [Şirine-Ticaret] but found [Şi̇ri̇ne-Ti̇caret]\r\n\tat org.testng.Assert.fail(Assert.java:99)\r\n\tat org.testng.Assert.failNotEquals(Assert.java:1037)\r\n\tat org.testng.Assert.assertEqualsImpl(Assert.java:140)\r\n\tat org.testng.Assert.assertEquals(Assert.java:122)\r\n\tat org.testng.Assert.assertEquals(Assert.java:629)\r\n\tat org.testng.Assert.assertEquals(Assert.java:639)\r\n\tat page.Weblocates.sepet_urun_onaylama(Weblocates.java:206)\r\n\tat tests.HepsiBuradaTests.testSenario02(HepsiBuradaTests.java:44)\r\n\tat sun.reflect.NativeMethodAccessorImpl.invoke0(Native Method)\r\n\tat sun.reflect.NativeMethodAccessorImpl.invoke(NativeMethodAccessorImpl.java:62)\r\n\tat sun.reflect.DelegatingMethodAccessorImpl.invoke(DelegatingMethodAccessorImpl.java:43)\r\n\tat java.lang.reflect.Method.invoke(Method.java:498)\r\n\tat org.testng.internal.MethodInvocationHelper.invokeMethod(MethodInvocationHelper.java:133)\r\n\tat org.testng.internal.TestInvoker.invokeMethod(TestInvoker.java:598)\r\n\tat org.testng.internal.TestInvoker.invokeTestMethod(TestInvoker.java:173)\r\n\tat org.testng.internal.MethodRunner.runInSequence(MethodRunner.java:46)\r\n\tat org.testng.internal.TestInvoker$MethodInvocationAgent.invoke(TestInvoker.java:824)\r\n\tat org.testng.internal.TestInvoker.invokeTestMethods(TestInvoker.java:146)\r\n\tat org.testng.internal.TestMethodWorker.invokeTestMethods(TestMethodWorker.java:146)\r\n\tat org.testng.internal.TestMethodWorker.run(TestMethodWorker.java:128)\r\n\tat java.util.ArrayList.forEach(ArrayList.java:1259)\r\n\tat org.testng.TestRunner.privateRun(TestRunner.java:794)\r\n\tat org.testng.TestRunner.run(TestRunner.java:596)\r\n\tat org.testng.SuiteRunner.runTest(SuiteRunner.java:377)\r\n\tat org.testng.SuiteRunner.runSequentially(SuiteRunner.java:371)\r\n\tat org.testng.SuiteRunner.privateRun(SuiteRunner.java:332)\r\n\tat org.testng.SuiteRunner.run(SuiteRunner.java:276)\r\n\tat org.testng.SuiteRunnerWorker.runSuite(SuiteRunnerWorker.java:53)\r\n\tat org.testng.SuiteRunnerWorker.run(SuiteRunnerWorker.java:96)\r\n\tat org.testng.TestNG.runSuitesSequentially(TestNG.java:1212)\r\n\tat org.testng.TestNG.runSuitesLocally(TestNG.java:1134)\r\n\tat org.testng.TestNG.runSuites(TestNG.java:1063)\r\n\tat org.testng.TestNG.run(TestNG.java:1031)\r\n\tat com.intellij.rt.testng.IDEARemoteTestNG.run(IDEARemoteTestNG.java:66)\r\n\tat com.intellij.rt.testng.RemoteTestNGStarter.main(RemoteTestNGStarter.java:109)\r\n"},"stage":"finished","description":"Test Description:Login olmadan urun secme ve dogrulama","steps":[{"name":"Hepsiburada Sayfası Acılır","status":"passed","stage":"finished","steps":[],"attachments":[],"parameters":[],"start":1666729849058,"stop":1666729854129},{"name":"laptop Urun Araması Yapılır","status":"passed","stage":"finished","steps":[],"attachments":[],"parameters":[{"name":"urunAdi","value":"laptop"}],"start":1666729854134,"stop":1666729854664},{"name":"Arama Cubugunda laptop Araması Yapıldıgı Dogrulanır","status":"passed","stage":"finished","steps":[],"attachments":[],"parameters":[{"name":"urunAdi","value":"laptop"}],"start":1666729854664,"stop":1666729859753},{"name":"Urun Sayfasından Rastgele Bir Urun Secilir","status":"passed","stage":"finished","steps":[],"attachments":[],"parameters":[],"start":1666729859754,"stop":1666729860563},{"name":"Secilen Urunun Detay Sayfasi Acilir","status":"passed","stage":"finished","steps":[],"attachments":[],"parameters":[],"start":1666729860563,"stop":1666729866488},{"name":"Urunu Satan Diger Satıcılar Kontrol Edilir","status":"passed","stage":"finished","steps":[{"name":"Secilen Urunu Satan 1.Satıcının Urunu Sepete Eklenir","status":"passed","stage":"finished","steps":[],"attachments":[],"parameters":[{"name":"saticiSirasi","value":"1"}],"start":1666729870310,"stop":1666729872993},{"name":"Secilen Urunu Satan 2.Satıcının Urunu Sepete Eklenir","status":"passed","stage":"finished","steps":[],"attachments":[],"parameters":[{"name":"saticiSirasi","value":"2"}],"start":1666729872993,"stop":1666729876045}],"attachments":[],"parameters":[],"start":1666729866488,"stop":1666729876045},{"name":"Sepet Sayfasina Gidilir","status":"passed","stage":"finished","steps":[],"attachments":[],"parameters":[],"start":1666729876045,"stop":1666729877004},{"name":"Sepetteki Urunler Satici Adi ve Urun Title ile Dogrulanir","status":"failed","statusDetails":{"known":false,"muted":false,"flaky":false,"message":"expected [Şirine-Ticaret] but found [Şi̇ri̇ne-Ti̇caret]","trace":"java.lang.AssertionError: expected [Şirine-Ticaret] but found [Şi̇ri̇ne-Ti̇caret]\r\n\tat org.testng.Assert.fail(Assert.java:99)\r\n\tat org.testng.Assert.failNotEquals(Assert.java:1037)\r\n\tat org.testng.Assert.assertEqualsImpl(Assert.java:140)\r\n\tat org.testng.Assert.assertEquals(Assert.java:122)\r\n\tat org.testng.Assert.assertEquals(Assert.java:629)\r\n\tat org.testng.Assert.assertEquals(Assert.java:639)\r\n\tat page.Weblocates.sepet_urun_onaylama(Weblocates.java:206)\r\n\tat tests.HepsiBuradaTests.testSenario02(HepsiBuradaTests.java:44)\r\n\tat sun.reflect.NativeMethodAccessorImpl.invoke0(Native Method)\r\n\tat sun.reflect.NativeMethodAccessorImpl.invoke(NativeMethodAccessorImpl.java:62)\r\n\tat sun.reflect.DelegatingMethodAccessorImpl.invoke(DelegatingMethodAccessorImpl.java:43)\r\n\tat java.lang.reflect.Method.invoke(Method.java:498)\r\n\tat org.testng.internal.MethodInvocationHelper.invokeMethod(MethodInvocationHelper.java:133)\r\n\tat org.testng.internal.TestInvoker.invokeMethod(TestInvoker.java:598)\r\n\tat org.testng.internal.TestInvoker.invokeTestMethod(TestInvoker.java:173)\r\n\tat org.testng.internal.MethodRunner.runInSequence(MethodRunner.java:46)\r\n\tat org.testng.internal.TestInvoker$MethodInvocationAgent.invoke(TestInvoker.java:824)\r\n\tat org.testng.internal.TestInvoker.invokeTestMethods(TestInvoker.java:146)\r\n\tat org.testng.internal.TestMethodWorker.invokeTestMethods(TestMethodWorker.java:146)\r\n\tat org.testng.internal.TestMethodWorker.run(TestMethodWorker.java:128)\r\n\tat java.util.ArrayList.forEach(ArrayList.java:1259)\r\n\tat org.testng.TestRunner.privateRun(TestRunner.java:794)\r\n\tat org.testng.TestRunner.run(TestRunner.java:596)\r\n\tat org.testng.SuiteRunner.runTest(SuiteRunner.java:377)\r\n\tat org.testng.SuiteRunner.runSequentially(SuiteRunner.java:371)\r\n\tat org.testng.SuiteRunner.privateRun(SuiteRunner.java:332)\r\n\tat org.testng.SuiteRunner.run(SuiteRunner.java:276)\r\n\tat org.testng.SuiteRunnerWorker.runSuite(SuiteRunnerWorker.java:53)\r\n\tat org.testng.SuiteRunnerWorker.run(SuiteRunnerWorker.java:96)\r\n\tat org.testng.TestNG.runSuitesSequentially(TestNG.java:1212)\r\n\tat org.testng.TestNG.runSuitesLocally(TestNG.java:1134)\r\n\tat org.testng.TestNG.runSuites(TestNG.java:1063)\r\n\tat org.testng.TestNG.run(TestNG.java:1031)\r\n\tat com.intellij.rt.testng.IDEARemoteTestNG.run(IDEARemoteTestNG.java:66)\r\n\tat com.intellij.rt.testng.RemoteTestNGStarter.main(RemoteTestNGStarter.java:109)\r\n"},"stage":"finished","steps":[],"attachments":[],"parameters":[],"start":1666729877004,"stop":1666729878257}],"attachments":[{"name":"saveFailureScreenShot","source":"8651b8c7-0800-4133-b2c0-eb297797427c-attachment"},{"name":"testSenario02 test fail oldu ve Screen Shot Alindi","source":"611aa1ed-63c9-48d0-ae22-49011033eecc-attachment","type":"text/plain"}],"parameters":[],"start":1666729849027,"stop":1666729878826}