{"uuid":"6987f1b1-bba8-4ac5-b181-6db8d99e13ba","historyId":"2960d3dd9167fc63ebacf877e1e042eb","fullName":"tests.HepsiBuradaTests.testSenario02","labels":[{"name":"package","value":"tests.HepsiBuradaTests"},{"name":"testClass","value":"tests.HepsiBuradaTests"},{"name":"testMethod","value":"testSenario02"},{"name":"parentSuite","value":"Default Suite"},{"name":"suite","value":"HepsiBuradaTestSenariyo"},{"name":"subSuite","value":"tests.HepsiBuradaTests"},{"name":"host","value":"hayatbirokul"},{"name":"thread","value":"23204@hayatbirokul.main(1)"},{"name":"framework","value":"testng"},{"name":"language","value":"java"},{"name":"story","value":"HepsiBuradaTest senaryosu 2"}],"links":[],"name":"Login olmadan ürün secme ve doğrulama senaryosu","status":"broken","statusDetails":{"known":false,"muted":false,"flaky":false,"message":"Index: 9, Size: 9","trace":"java.lang.IndexOutOfBoundsException: Index: 9, Size: 9\r\n\tat java.util.ArrayList.rangeCheck(ArrayList.java:659)\r\n\tat java.util.ArrayList.get(ArrayList.java:435)\r\n\tat page.Weblocates.string_manipule_et(Weblocates.java:218)\r\n\tat page.Weblocates.diger_satici_sayisini_kontrolEt_urunSec(Weblocates.java:151)\r\n\tat page.Weblocates.diger_satici_sayisini_kontrolEt_urunSec(Weblocates.java:147)\r\n\tat tests.HepsiBuradaTests.testSenario02(HepsiBuradaTests.java:42)\r\n\tat sun.reflect.NativeMethodAccessorImpl.invoke0(Native Method)\r\n\tat sun.reflect.NativeMethodAccessorImpl.invoke(NativeMethodAccessorImpl.java:62)\r\n\tat sun.reflect.DelegatingMethodAccessorImpl.invoke(DelegatingMethodAccessorImpl.java:43)\r\n\tat java.lang.reflect.Method.invoke(Method.java:498)\r\n\tat org.testng.internal.MethodInvocationHelper.invokeMethod(MethodInvocationHelper.java:133)\r\n\tat org.testng.internal.TestInvoker.invokeMethod(TestInvoker.java:598)\r\n\tat org.testng.internal.TestInvoker.invokeTestMethod(TestInvoker.java:173)\r\n\tat org.testng.internal.MethodRunner.runInSequence(MethodRunner.java:46)\r\n\tat org.testng.internal.TestInvoker$MethodInvocationAgent.invoke(TestInvoker.java:824)\r\n\tat org.testng.internal.TestInvoker.invokeTestMethods(TestInvoker.java:146)\r\n\tat org.testng.internal.TestMethodWorker.invokeTestMethods(TestMethodWorker.java:146)\r\n\tat org.testng.internal.TestMethodWorker.run(TestMethodWorker.java:128)\r\n\tat java.util.ArrayList.forEach(ArrayList.java:1259)\r\n\tat org.testng.TestRunner.privateRun(TestRunner.java:794)\r\n\tat org.testng.TestRunner.run(TestRunner.java:596)\r\n\tat org.testng.SuiteRunner.runTest(SuiteRunner.java:377)\r\n\tat org.testng.SuiteRunner.runSequentially(SuiteRunner.java:371)\r\n\tat org.testng.SuiteRunner.privateRun(SuiteRunner.java:332)\r\n\tat org.testng.SuiteRunner.run(SuiteRunner.java:276)\r\n\tat org.testng.SuiteRunnerWorker.runSuite(SuiteRunnerWorker.java:53)\r\n\tat org.testng.SuiteRunnerWorker.run(SuiteRunnerWorker.java:96)\r\n\tat org.testng.TestNG.runSuitesSequentially(TestNG.java:1212)\r\n\tat org.testng.TestNG.runSuitesLocally(TestNG.java:1134)\r\n\tat org.testng.TestNG.runSuites(TestNG.java:1063)\r\n\tat org.testng.TestNG.run(TestNG.java:1031)\r\n\tat com.intellij.rt.testng.IDEARemoteTestNG.run(IDEARemoteTestNG.java:66)\r\n\tat com.intellij.rt.testng.RemoteTestNGStarter.main(RemoteTestNGStarter.java:109)\r\n"},"stage":"finished","description":"Test Description:Login olmadan urun secme ve dogrulama","steps":[{"name":"Hepsiburada Sayfası Acılır","status":"passed","stage":"finished","steps":[],"attachments":[],"parameters":[],"start":1666729565804,"stop":1666729571415},{"name":"laptop Urun Araması Yapılır","status":"passed","stage":"finished","steps":[],"attachments":[],"parameters":[{"name":"urunAdi","value":"laptop"}],"start":1666729571420,"stop":1666729571776},{"name":"Arama Cubugunda laptop Araması Yapıldıgı Dogrulanır","status":"passed","stage":"finished","steps":[],"attachments":[],"parameters":[{"name":"urunAdi","value":"laptop"}],"start":1666729571777,"stop":1666729577482},{"name":"Urun Sayfasından Rastgele Bir Urun Secilir","status":"passed","stage":"finished","steps":[],"attachments":[],"parameters":[],"start":1666729577482,"stop":1666729578434},{"name":"Secilen Urunun Detay Sayfasi Acilir","status":"passed","stage":"finished","steps":[],"attachments":[],"parameters":[],"start":1666729578434,"stop":1666729583049},{"name":"Urunu Satan Diger Satıcılar Kontrol Edilir","status":"broken","statusDetails":{"known":false,"muted":false,"flaky":false,"message":"Index: 9, Size: 9","trace":"java.lang.IndexOutOfBoundsException: Index: 9, Size: 9\r\n\tat java.util.ArrayList.rangeCheck(ArrayList.java:659)\r\n\tat java.util.ArrayList.get(ArrayList.java:435)\r\n\tat page.Weblocates.string_manipule_et(Weblocates.java:218)\r\n\tat page.Weblocates.diger_satici_sayisini_kontrolEt_urunSec(Weblocates.java:151)\r\n\tat page.Weblocates.diger_satici_sayisini_kontrolEt_urunSec(Weblocates.java:147)\r\n\tat tests.HepsiBuradaTests.testSenario02(HepsiBuradaTests.java:42)\r\n\tat sun.reflect.NativeMethodAccessorImpl.invoke0(Native Method)\r\n\tat sun.reflect.NativeMethodAccessorImpl.invoke(NativeMethodAccessorImpl.java:62)\r\n\tat sun.reflect.DelegatingMethodAccessorImpl.invoke(DelegatingMethodAccessorImpl.java:43)\r\n\tat java.lang.reflect.Method.invoke(Method.java:498)\r\n\tat org.testng.internal.MethodInvocationHelper.invokeMethod(MethodInvocationHelper.java:133)\r\n\tat org.testng.internal.TestInvoker.invokeMethod(TestInvoker.java:598)\r\n\tat org.testng.internal.TestInvoker.invokeTestMethod(TestInvoker.java:173)\r\n\tat org.testng.internal.MethodRunner.runInSequence(MethodRunner.java:46)\r\n\tat org.testng.internal.TestInvoker$MethodInvocationAgent.invoke(TestInvoker.java:824)\r\n\tat org.testng.internal.TestInvoker.invokeTestMethods(TestInvoker.java:146)\r\n\tat org.testng.internal.TestMethodWorker.invokeTestMethods(TestMethodWorker.java:146)\r\n\tat org.testng.internal.TestMethodWorker.run(TestMethodWorker.java:128)\r\n\tat java.util.ArrayList.forEach(ArrayList.java:1259)\r\n\tat org.testng.TestRunner.privateRun(TestRunner.java:794)\r\n\tat org.testng.TestRunner.run(TestRunner.java:596)\r\n\tat org.testng.SuiteRunner.runTest(SuiteRunner.java:377)\r\n\tat org.testng.SuiteRunner.runSequentially(SuiteRunner.java:371)\r\n\tat org.testng.SuiteRunner.privateRun(SuiteRunner.java:332)\r\n\tat org.testng.SuiteRunner.run(SuiteRunner.java:276)\r\n\tat org.testng.SuiteRunnerWorker.runSuite(SuiteRunnerWorker.java:53)\r\n\tat org.testng.SuiteRunnerWorker.run(SuiteRunnerWorker.java:96)\r\n\tat org.testng.TestNG.runSuitesSequentially(TestNG.java:1212)\r\n\tat org.testng.TestNG.runSuitesLocally(TestNG.java:1134)\r\n\tat org.testng.TestNG.runSuites(TestNG.java:1063)\r\n\tat org.testng.TestNG.run(TestNG.java:1031)\r\n\tat com.intellij.rt.testng.IDEARemoteTestNG.run(IDEARemoteTestNG.java:66)\r\n\tat com.intellij.rt.testng.RemoteTestNGStarter.main(RemoteTestNGStarter.java:109)\r\n"},"stage":"finished","steps":[{"name":"Secilen Urunu Satan Yeterli Satıcı Olmadigindan Başka Bir Urun Secmek Icin laptop Araması Yapılan Sayfaya Geri Donulur","status":"passed","stage":"finished","steps":[],"attachments":[],"parameters":[{"name":"arananUrun","value":"laptop"}],"start":1666729598203,"stop":1666729598319},{"name":"Urun Sayfasından Rastgele Bir Urun Secilir","status":"passed","stage":"finished","steps":[],"attachments":[],"parameters":[],"start":1666729598319,"stop":1666729599657},{"name":"Urunu Satan Diger Satıcılar Kontrol Edilir","status":"broken","statusDetails":{"known":false,"muted":false,"flaky":false,"message":"Index: 9, Size: 9","trace":"java.lang.IndexOutOfBoundsException: Index: 9, Size: 9\r\n\tat java.util.ArrayList.rangeCheck(ArrayList.java:659)\r\n\tat java.util.ArrayList.get(ArrayList.java:435)\r\n\tat page.Weblocates.string_manipule_et(Weblocates.java:218)\r\n\tat page.Weblocates.diger_satici_sayisini_kontrolEt_urunSec(Weblocates.java:151)\r\n\tat page.Weblocates.diger_satici_sayisini_kontrolEt_urunSec(Weblocates.java:147)\r\n\tat tests.HepsiBuradaTests.testSenario02(HepsiBuradaTests.java:42)\r\n\tat sun.reflect.NativeMethodAccessorImpl.invoke0(Native Method)\r\n\tat sun.reflect.NativeMethodAccessorImpl.invoke(NativeMethodAccessorImpl.java:62)\r\n\tat sun.reflect.DelegatingMethodAccessorImpl.invoke(DelegatingMethodAccessorImpl.java:43)\r\n\tat java.lang.reflect.Method.invoke(Method.java:498)\r\n\tat org.testng.internal.MethodInvocationHelper.invokeMethod(MethodInvocationHelper.java:133)\r\n\tat org.testng.internal.TestInvoker.invokeMethod(TestInvoker.java:598)\r\n\tat org.testng.internal.TestInvoker.invokeTestMethod(TestInvoker.java:173)\r\n\tat org.testng.internal.MethodRunner.runInSequence(MethodRunner.java:46)\r\n\tat org.testng.internal.TestInvoker$MethodInvocationAgent.invoke(TestInvoker.java:824)\r\n\tat org.testng.internal.TestInvoker.invokeTestMethods(TestInvoker.java:146)\r\n\tat org.testng.internal.TestMethodWorker.invokeTestMethods(TestMethodWorker.java:146)\r\n\tat org.testng.internal.TestMethodWorker.run(TestMethodWorker.java:128)\r\n\tat java.util.ArrayList.forEach(ArrayList.java:1259)\r\n\tat org.testng.TestRunner.privateRun(TestRunner.java:794)\r\n\tat org.testng.TestRunner.run(TestRunner.java:596)\r\n\tat org.testng.SuiteRunner.runTest(SuiteRunner.java:377)\r\n\tat org.testng.SuiteRunner.runSequentially(SuiteRunner.java:371)\r\n\tat org.testng.SuiteRunner.privateRun(SuiteRunner.java:332)\r\n\tat org.testng.SuiteRunner.run(SuiteRunner.java:276)\r\n\tat org.testng.SuiteRunnerWorker.runSuite(SuiteRunnerWorker.java:53)\r\n\tat org.testng.SuiteRunnerWorker.run(SuiteRunnerWorker.java:96)\r\n\tat org.testng.TestNG.runSuitesSequentially(TestNG.java:1212)\r\n\tat org.testng.TestNG.runSuitesLocally(TestNG.java:1134)\r\n\tat org.testng.TestNG.runSuites(TestNG.java:1063)\r\n\tat org.testng.TestNG.run(TestNG.java:1031)\r\n\tat com.intellij.rt.testng.IDEARemoteTestNG.run(IDEARemoteTestNG.java:66)\r\n\tat com.intellij.rt.testng.RemoteTestNGStarter.main(RemoteTestNGStarter.java:109)\r\n"},"stage":"finished","steps":[],"attachments":[],"parameters":[],"start":1666729603216,"stop":1666729604128}],"attachments":[],"parameters":[],"start":1666729583049,"stop":1666729604128}],"attachments":[{"name":"saveFailureScreenShot","source":"0e38c131-83d0-4826-b141-8f033c18b0cf-attachment"},{"name":"testSenario02 test fail oldu ve Screen Shot Alindi","source":"af85c35f-23ce-4ecf-b1ab-da12d8c2489b-attachment","type":"text/plain"}],"parameters":[],"start":1666729565764,"stop":1666729604479}