{"uuid":"d2276a59-2685-453e-b7cb-c9535eb72b82","historyId":"2960d3dd9167fc63ebacf877e1e042eb","fullName":"tests.HepsiBuradaTests.testSenario02","labels":[{"name":"package","value":"tests.HepsiBuradaTests"},{"name":"testClass","value":"tests.HepsiBuradaTests"},{"name":"testMethod","value":"testSenario02"},{"name":"parentSuite","value":"Default Suite"},{"name":"suite","value":"HepsiBuradaTestSenariyo"},{"name":"subSuite","value":"tests.HepsiBuradaTests"},{"name":"host","value":"hayatbirokul"},{"name":"thread","value":"25612@hayatbirokul.main(1)"},{"name":"framework","value":"testng"},{"name":"language","value":"java"},{"name":"story","value":"HepsiBuradaTest senaryosu 2"}],"links":[],"name":"Login olmadan ürün secme ve doğrulama senaryosu","status":"failed","statusDetails":{"known":false,"muted":false,"flaky":false,"message":"expected [Kaya Teknoloji] but found [Kaya Teknoloji̇]","trace":"java.lang.AssertionError: expected [Kaya Teknoloji] but found [Kaya Teknoloji̇]\r\n\tat org.testng.Assert.fail(Assert.java:99)\r\n\tat org.testng.Assert.failNotEquals(Assert.java:1037)\r\n\tat org.testng.Assert.assertEqualsImpl(Assert.java:140)\r\n\tat org.testng.Assert.assertEquals(Assert.java:122)\r\n\tat org.testng.Assert.assertEquals(Assert.java:629)\r\n\tat org.testng.Assert.assertEquals(Assert.java:639)\r\n\tat page.Weblocates.sepet_urun_onaylama(Weblocates.java:206)\r\n\tat tests.HepsiBuradaTests.testSenario02(HepsiBuradaTests.java:44)\r\n\tat sun.reflect.NativeMethodAccessorImpl.invoke0(Native Method)\r\n\tat sun.reflect.NativeMethodAccessorImpl.invoke(NativeMethodAccessorImpl.java:62)\r\n\tat sun.reflect.DelegatingMethodAccessorImpl.invoke(DelegatingMethodAccessorImpl.java:43)\r\n\tat java.lang.reflect.Method.invoke(Method.java:498)\r\n\tat org.testng.internal.MethodInvocationHelper.invokeMethod(MethodInvocationHelper.java:133)\r\n\tat org.testng.internal.TestInvoker.invokeMethod(TestInvoker.java:598)\r\n\tat org.testng.internal.TestInvoker.invokeTestMethod(TestInvoker.java:173)\r\n\tat org.testng.internal.MethodRunner.runInSequence(MethodRunner.java:46)\r\n\tat org.testng.internal.TestInvoker$MethodInvocationAgent.invoke(TestInvoker.java:824)\r\n\tat org.testng.internal.TestInvoker.invokeTestMethods(TestInvoker.java:146)\r\n\tat org.testng.internal.TestMethodWorker.invokeTestMethods(TestMethodWorker.java:146)\r\n\tat org.testng.internal.TestMethodWorker.run(TestMethodWorker.java:128)\r\n\tat java.util.ArrayList.forEach(ArrayList.java:1259)\r\n\tat org.testng.TestRunner.privateRun(TestRunner.java:794)\r\n\tat org.testng.TestRunner.run(TestRunner.java:596)\r\n\tat org.testng.SuiteRunner.runTest(SuiteRunner.java:377)\r\n\tat org.testng.SuiteRunner.runSequentially(SuiteRunner.java:371)\r\n\tat org.testng.SuiteRunner.privateRun(SuiteRunner.java:332)\r\n\tat org.testng.SuiteRunner.run(SuiteRunner.java:276)\r\n\tat org.testng.SuiteRunnerWorker.runSuite(SuiteRunnerWorker.java:53)\r\n\tat org.testng.SuiteRunnerWorker.run(SuiteRunnerWorker.java:96)\r\n\tat org.testng.TestNG.runSuitesSequentially(TestNG.java:1212)\r\n\tat org.testng.TestNG.runSuitesLocally(TestNG.java:1134)\r\n\tat org.testng.TestNG.runSuites(TestNG.java:1063)\r\n\tat org.testng.TestNG.run(TestNG.java:1031)\r\n\tat com.intellij.rt.testng.IDEARemoteTestNG.run(IDEARemoteTestNG.java:66)\r\n\tat com.intellij.rt.testng.RemoteTestNGStarter.main(RemoteTestNGStarter.java:109)\r\n"},"stage":"finished","description":"Test Description:Login olmadan urun secme ve dogrulama","steps":[{"name":"Hepsiburada Sayfası Acılır","status":"passed","stage":"finished","steps":[],"attachments":[],"parameters":[],"start":1666730218724,"stop":1666730224354},{"name":"laptop Urun Araması Yapılır","status":"passed","stage":"finished","steps":[],"attachments":[],"parameters":[{"name":"urunAdi","value":"laptop"}],"start":1666730224362,"stop":1666730229232},{"name":"Arama Cubugunda laptop Araması Yapıldıgı Dogrulanır","status":"passed","stage":"finished","steps":[],"attachments":[],"parameters":[{"name":"urunAdi","value":"laptop"}],"start":1666730229233,"stop":1666730234325},{"name":"Urun Sayfasından Rastgele Bir Urun Secilir","status":"passed","stage":"finished","steps":[],"attachments":[],"parameters":[],"start":1666730234325,"stop":1666730234961},{"name":"Secilen Urunun Detay Sayfasi Acilir","status":"passed","stage":"finished","steps":[],"attachments":[],"parameters":[],"start":1666730234961,"stop":1666730240212},{"name":"Urunu Satan Diger Satıcılar Kontrol Edilir","status":"passed","stage":"finished","steps":[{"name":"Secilen Urunu Satan 1.Satıcının Urunu Sepete Eklenir","status":"passed","stage":"finished","steps":[],"attachments":[],"parameters":[{"name":"saticiSirasi","value":"1"}],"start":1666730244503,"stop":1666730248707},{"name":"Secilen Urunu Satan 2.Satıcının Urunu Sepete Eklenir","status":"passed","stage":"finished","steps":[],"attachments":[],"parameters":[{"name":"saticiSirasi","value":"2"}],"start":1666730248707,"stop":1666730251293}],"attachments":[],"parameters":[],"start":1666730240212,"stop":1666730251293},{"name":"Sepet Sayfasina Gidilir","status":"passed","stage":"finished","steps":[],"attachments":[],"parameters":[],"start":1666730251294,"stop":1666730252391},{"name":"Sepetteki Urunler Satici Adi ve Urun Title ile Dogrulanir","status":"failed","statusDetails":{"known":false,"muted":false,"flaky":false,"message":"expected [Kaya Teknoloji] but found [Kaya Teknoloji̇]","trace":"java.lang.AssertionError: expected [Kaya Teknoloji] but found [Kaya Teknoloji̇]\r\n\tat org.testng.Assert.fail(Assert.java:99)\r\n\tat org.testng.Assert.failNotEquals(Assert.java:1037)\r\n\tat org.testng.Assert.assertEqualsImpl(Assert.java:140)\r\n\tat org.testng.Assert.assertEquals(Assert.java:122)\r\n\tat org.testng.Assert.assertEquals(Assert.java:629)\r\n\tat org.testng.Assert.assertEquals(Assert.java:639)\r\n\tat page.Weblocates.sepet_urun_onaylama(Weblocates.java:206)\r\n\tat tests.HepsiBuradaTests.testSenario02(HepsiBuradaTests.java:44)\r\n\tat sun.reflect.NativeMethodAccessorImpl.invoke0(Native Method)\r\n\tat sun.reflect.NativeMethodAccessorImpl.invoke(NativeMethodAccessorImpl.java:62)\r\n\tat sun.reflect.DelegatingMethodAccessorImpl.invoke(DelegatingMethodAccessorImpl.java:43)\r\n\tat java.lang.reflect.Method.invoke(Method.java:498)\r\n\tat org.testng.internal.MethodInvocationHelper.invokeMethod(MethodInvocationHelper.java:133)\r\n\tat org.testng.internal.TestInvoker.invokeMethod(TestInvoker.java:598)\r\n\tat org.testng.internal.TestInvoker.invokeTestMethod(TestInvoker.java:173)\r\n\tat org.testng.internal.MethodRunner.runInSequence(MethodRunner.java:46)\r\n\tat org.testng.internal.TestInvoker$MethodInvocationAgent.invoke(TestInvoker.java:824)\r\n\tat org.testng.internal.TestInvoker.invokeTestMethods(TestInvoker.java:146)\r\n\tat org.testng.internal.TestMethodWorker.invokeTestMethods(TestMethodWorker.java:146)\r\n\tat org.testng.internal.TestMethodWorker.run(TestMethodWorker.java:128)\r\n\tat java.util.ArrayList.forEach(ArrayList.java:1259)\r\n\tat org.testng.TestRunner.privateRun(TestRunner.java:794)\r\n\tat org.testng.TestRunner.run(TestRunner.java:596)\r\n\tat org.testng.SuiteRunner.runTest(SuiteRunner.java:377)\r\n\tat org.testng.SuiteRunner.runSequentially(SuiteRunner.java:371)\r\n\tat org.testng.SuiteRunner.privateRun(SuiteRunner.java:332)\r\n\tat org.testng.SuiteRunner.run(SuiteRunner.java:276)\r\n\tat org.testng.SuiteRunnerWorker.runSuite(SuiteRunnerWorker.java:53)\r\n\tat org.testng.SuiteRunnerWorker.run(SuiteRunnerWorker.java:96)\r\n\tat org.testng.TestNG.runSuitesSequentially(TestNG.java:1212)\r\n\tat org.testng.TestNG.runSuitesLocally(TestNG.java:1134)\r\n\tat org.testng.TestNG.runSuites(TestNG.java:1063)\r\n\tat org.testng.TestNG.run(TestNG.java:1031)\r\n\tat com.intellij.rt.testng.IDEARemoteTestNG.run(IDEARemoteTestNG.java:66)\r\n\tat com.intellij.rt.testng.RemoteTestNGStarter.main(RemoteTestNGStarter.java:109)\r\n"},"stage":"finished","steps":[],"attachments":[],"parameters":[],"start":1666730252391,"stop":1666730253501}],"attachments":[{"name":"saveFailureScreenShot","source":"805e70d0-3673-4c87-9313-cc9417114bc0-attachment"},{"name":"testSenario02 test fail oldu ve Screen Shot Alindi","source":"9510ecce-677f-406f-af84-69aa06057111-attachment","type":"text/plain"}],"parameters":[],"start":1666730218697,"stop":1666730253854}