{"uuid":"ec91463e-0513-4b5a-85fe-f4d6b71f4103","historyId":"2960d3dd9167fc63ebacf877e1e042eb","fullName":"tests.HepsiBuradaTests.testSenario02","labels":[{"name":"package","value":"tests.HepsiBuradaTests"},{"name":"testClass","value":"tests.HepsiBuradaTests"},{"name":"testMethod","value":"testSenario02"},{"name":"parentSuite","value":"Default Suite"},{"name":"suite","value":"HepsiBuradaTestSenariyo"},{"name":"subSuite","value":"tests.HepsiBuradaTests"},{"name":"host","value":"hayatbirokul"},{"name":"thread","value":"15376@hayatbirokul.main(1)"},{"name":"framework","value":"testng"},{"name":"language","value":"java"},{"name":"story","value":"HepsiBuradaTest senaryosu 2"}],"links":[],"name":"Login olmadan ürün secme ve doğrulama senaryosu","status":"broken","statusDetails":{"known":false,"muted":false,"flaky":false,"message":"element click intercepted: Element <span id=\"shoppingCart\" class=\"sf-OldMyAccount-d0xCHLV38UCH5cD9mOXq\">...</span> is not clickable at point (1505, 9). Other element would receive the click: <div class=\"checkoutui-Modal-1Myi1 checkoutui-Modal-2vGqO\" data-test-class=\"modal_overflow\">...</div>\n  (Session info: chrome=106.0.5249.119)\nBuild info: version: '4.5.0', revision: 'fe167b119a'\nSystem info: os.name: 'Windows 10', os.arch: 'amd64', os.version: '10.0', java.version: '1.8.0_352'\nDriver info: org.openqa.selenium.chrome.ChromeDriver\nCommand: [44ac72d80d434d9b67573d930f7399ca, clickElement {id=5de06495-c3fa-47ac-8dc1-328f60ae5912}]\nCapabilities {acceptInsecureCerts: false, browserName: chrome, browserVersion: 106.0.5249.119, chrome: {chromedriverVersion: 106.0.5249.61 (511755355844..., userDataDir: C:\\Users\\Suat\\AppData\\Local...}, goog:chromeOptions: {debuggerAddress: localhost:64355}, networkConnectionEnabled: false, pageLoadStrategy: normal, platformName: WINDOWS, proxy: Proxy(), se:cdp: ws://localhost:64355/devtoo..., se:cdpVersion: 106.0.5249.119, setWindowRect: true, strictFileInteractability: false, timeouts: {implicit: 0, pageLoad: 300000, script: 30000}, unhandledPromptBehavior: dismiss and notify, webauthn:extension:credBlob: true, webauthn:extension:largeBlob: true, webauthn:virtualAuthenticators: true}\nElement: [[ChromeDriver: chrome on WINDOWS (44ac72d80d434d9b67573d930f7399ca)] -> id: shoppingCart]\nSession ID: 44ac72d80d434d9b67573d930f7399ca","trace":"org.openqa.selenium.ElementClickInterceptedException: element click intercepted: Element <span id=\"shoppingCart\" class=\"sf-OldMyAccount-d0xCHLV38UCH5cD9mOXq\">...</span> is not clickable at point (1505, 9). Other element would receive the click: <div class=\"checkoutui-Modal-1Myi1 checkoutui-Modal-2vGqO\" data-test-class=\"modal_overflow\">...</div>\n  (Session info: chrome=106.0.5249.119)\nBuild info: version: '4.5.0', revision: 'fe167b119a'\nSystem info: os.name: 'Windows 10', os.arch: 'amd64', os.version: '10.0', java.version: '1.8.0_352'\nDriver info: org.openqa.selenium.chrome.ChromeDriver\nCommand: [44ac72d80d434d9b67573d930f7399ca, clickElement {id=5de06495-c3fa-47ac-8dc1-328f60ae5912}]\nCapabilities {acceptInsecureCerts: false, browserName: chrome, browserVersion: 106.0.5249.119, chrome: {chromedriverVersion: 106.0.5249.61 (511755355844..., userDataDir: C:\\Users\\Suat\\AppData\\Local...}, goog:chromeOptions: {debuggerAddress: localhost:64355}, networkConnectionEnabled: false, pageLoadStrategy: normal, platformName: WINDOWS, proxy: Proxy(), se:cdp: ws://localhost:64355/devtoo..., se:cdpVersion: 106.0.5249.119, setWindowRect: true, strictFileInteractability: false, timeouts: {implicit: 0, pageLoad: 300000, script: 30000}, unhandledPromptBehavior: dismiss and notify, webauthn:extension:credBlob: true, webauthn:extension:largeBlob: true, webauthn:virtualAuthenticators: true}\nElement: [[ChromeDriver: chrome on WINDOWS (44ac72d80d434d9b67573d930f7399ca)] -> id: shoppingCart]\nSession ID: 44ac72d80d434d9b67573d930f7399ca\r\n\tat sun.reflect.NativeConstructorAccessorImpl.newInstance0(Native Method)\r\n\tat sun.reflect.NativeConstructorAccessorImpl.newInstance(NativeConstructorAccessorImpl.java:62)\r\n\tat sun.reflect.DelegatingConstructorAccessorImpl.newInstance(DelegatingConstructorAccessorImpl.java:45)\r\n\tat java.lang.reflect.Constructor.newInstance(Constructor.java:423)\r\n\tat org.openqa.selenium.remote.codec.w3c.W3CHttpResponseCodec.createException(W3CHttpResponseCodec.java:200)\r\n\tat org.openqa.selenium.remote.codec.w3c.W3CHttpResponseCodec.decode(W3CHttpResponseCodec.java:133)\r\n\tat org.openqa.selenium.remote.codec.w3c.W3CHttpResponseCodec.decode(W3CHttpResponseCodec.java:53)\r\n\tat org.openqa.selenium.remote.HttpCommandExecutor.execute(HttpCommandExecutor.java:184)\r\n\tat org.openqa.selenium.remote.service.DriverCommandExecutor.invokeExecute(DriverCommandExecutor.java:167)\r\n\tat org.openqa.selenium.remote.service.DriverCommandExecutor.execute(DriverCommandExecutor.java:142)\r\n\tat org.openqa.selenium.remote.RemoteWebDriver.execute(RemoteWebDriver.java:547)\r\n\tat org.openqa.selenium.remote.RemoteWebElement.execute(RemoteWebElement.java:257)\r\n\tat org.openqa.selenium.remote.RemoteWebElement.click(RemoteWebElement.java:78)\r\n\tat page.Weblocates.sepet_sayfasina_git(Weblocates.java:182)\r\n\tat tests.HepsiBuradaTests.testSenario02(HepsiBuradaTests.java:43)\r\n\tat sun.reflect.NativeMethodAccessorImpl.invoke0(Native Method)\r\n\tat sun.reflect.NativeMethodAccessorImpl.invoke(NativeMethodAccessorImpl.java:62)\r\n\tat sun.reflect.DelegatingMethodAccessorImpl.invoke(DelegatingMethodAccessorImpl.java:43)\r\n\tat java.lang.reflect.Method.invoke(Method.java:498)\r\n\tat org.testng.internal.MethodInvocationHelper.invokeMethod(MethodInvocationHelper.java:133)\r\n\tat org.testng.internal.TestInvoker.invokeMethod(TestInvoker.java:598)\r\n\tat org.testng.internal.TestInvoker.invokeTestMethod(TestInvoker.java:173)\r\n\tat org.testng.internal.MethodRunner.runInSequence(MethodRunner.java:46)\r\n\tat org.testng.internal.TestInvoker$MethodInvocationAgent.invoke(TestInvoker.java:824)\r\n\tat org.testng.internal.TestInvoker.invokeTestMethods(TestInvoker.java:146)\r\n\tat org.testng.internal.TestMethodWorker.invokeTestMethods(TestMethodWorker.java:146)\r\n\tat org.testng.internal.TestMethodWorker.run(TestMethodWorker.java:128)\r\n\tat java.util.ArrayList.forEach(ArrayList.java:1259)\r\n\tat org.testng.TestRunner.privateRun(TestRunner.java:794)\r\n\tat org.testng.TestRunner.run(TestRunner.java:596)\r\n\tat org.testng.SuiteRunner.runTest(SuiteRunner.java:377)\r\n\tat org.testng.SuiteRunner.runSequentially(SuiteRunner.java:371)\r\n\tat org.testng.SuiteRunner.privateRun(SuiteRunner.java:332)\r\n\tat org.testng.SuiteRunner.run(SuiteRunner.java:276)\r\n\tat org.testng.SuiteRunnerWorker.runSuite(SuiteRunnerWorker.java:53)\r\n\tat org.testng.SuiteRunnerWorker.run(SuiteRunnerWorker.java:96)\r\n\tat org.testng.TestNG.runSuitesSequentially(TestNG.java:1212)\r\n\tat org.testng.TestNG.runSuitesLocally(TestNG.java:1134)\r\n\tat org.testng.TestNG.runSuites(TestNG.java:1063)\r\n\tat org.testng.TestNG.run(TestNG.java:1031)\r\n\tat com.intellij.rt.testng.IDEARemoteTestNG.run(IDEARemoteTestNG.java:66)\r\n\tat com.intellij.rt.testng.RemoteTestNGStarter.main(RemoteTestNGStarter.java:109)\r\n"},"stage":"finished","description":"Test Description:Login olmadan urun secme ve dogrulama","steps":[{"name":"Hepsiburada Sayfası Acılır","status":"passed","stage":"finished","steps":[],"attachments":[],"parameters":[],"start":1666772610837,"stop":1666772617799},{"name":"laptop Urun Araması Yapılır","status":"passed","stage":"finished","steps":[],"attachments":[],"parameters":[{"name":"urunAdi","value":"laptop"}],"start":1666772617997,"stop":1666772618519},{"name":"Arama Cubugunda laptop Araması Yapıldıgı Dogrulanır","status":"passed","stage":"finished","steps":[],"attachments":[],"parameters":[{"name":"urunAdi","value":"laptop"}],"start":1666772618519,"stop":1666772624248},{"name":"Urun Sayfasından Rastgele Bir Urun Secilir","status":"passed","stage":"finished","steps":[],"attachments":[],"parameters":[],"start":1666772624249,"stop":1666772625048},{"name":"Secilen Urunun Detay Sayfasi Acilir","status":"passed","stage":"finished","steps":[],"attachments":[],"parameters":[],"start":1666772625048,"stop":1666772631306},{"name":"Urunu Satan Diger Satıcılar Kontrol Edilir","status":"passed","stage":"finished","steps":[{"name":"Secilen Urunu Satan Yeterli Satıcı Olmadigindan Başka Bir Urun Secmek Icin laptop Araması Yapılan Sayfaya Geri Donulur","status":"passed","stage":"finished","steps":[],"attachments":[],"parameters":[{"name":"arananUrun","value":"laptop"}],"start":1666772631651,"stop":1666772631750},{"name":"Urun Sayfasından Rastgele Bir Urun Secilir","status":"passed","stage":"finished","steps":[],"attachments":[],"parameters":[],"start":1666772631750,"stop":1666772632328},{"name":"Urunu Satan Diger Satıcılar Kontrol Edilir","status":"passed","stage":"finished","steps":[{"name":"Secilen Urunu Satan Yeterli Satıcı Olmadigindan Başka Bir Urun Secmek Icin laptop Araması Yapılan Sayfaya Geri Donulur","status":"passed","stage":"finished","steps":[],"attachments":[],"parameters":[{"name":"arananUrun","value":"laptop"}],"start":1666772636335,"stop":1666772636476},{"name":"Urun Sayfasından Rastgele Bir Urun Secilir","status":"passed","stage":"finished","steps":[],"attachments":[],"parameters":[],"start":1666772636476,"stop":1666772637467},{"name":"Urunu Satan Diger Satıcılar Kontrol Edilir","status":"passed","stage":"finished","steps":[{"name":"Secilen Urunu Satan 1.Satıcının Urunu Sepete Eklenir","status":"passed","stage":"finished","steps":[],"attachments":[],"parameters":[{"name":"saticiSirasi","value":"1"}],"start":1666772648035,"stop":1666772651182},{"name":"Secilen Urunu Satan 2.Satıcının Urunu Sepete Eklenir","status":"passed","stage":"finished","steps":[],"attachments":[],"parameters":[{"name":"saticiSirasi","value":"2"}],"start":1666772651182,"stop":1666772656819}],"attachments":[],"parameters":[],"start":1666772641135,"stop":1666772656819}],"attachments":[],"parameters":[],"start":1666772635963,"stop":1666772656819}],"attachments":[],"parameters":[],"start":1666772631306,"stop":1666772656819},{"name":"Sepet Sayfasina Gidilir","status":"broken","statusDetails":{"known":false,"muted":false,"flaky":false,"message":"element click intercepted: Element <span id=\"shoppingCart\" class=\"sf-OldMyAccount-d0xCHLV38UCH5cD9mOXq\">...</span> is not clickable at point (1505, 9). Other element would receive the click: <div class=\"checkoutui-Modal-1Myi1 checkoutui-Modal-2vGqO\" data-test-class=\"modal_overflow\">...</div>\n  (Session info: chrome=106.0.5249.119)\nBuild info: version: '4.5.0', revision: 'fe167b119a'\nSystem info: os.name: 'Windows 10', os.arch: 'amd64', os.version: '10.0', java.version: '1.8.0_352'\nDriver info: org.openqa.selenium.chrome.ChromeDriver\nCommand: [44ac72d80d434d9b67573d930f7399ca, clickElement {id=5de06495-c3fa-47ac-8dc1-328f60ae5912}]\nCapabilities {acceptInsecureCerts: false, browserName: chrome, browserVersion: 106.0.5249.119, chrome: {chromedriverVersion: 106.0.5249.61 (511755355844..., userDataDir: C:\\Users\\Suat\\AppData\\Local...}, goog:chromeOptions: {debuggerAddress: localhost:64355}, networkConnectionEnabled: false, pageLoadStrategy: normal, platformName: WINDOWS, proxy: Proxy(), se:cdp: ws://localhost:64355/devtoo..., se:cdpVersion: 106.0.5249.119, setWindowRect: true, strictFileInteractability: false, timeouts: {implicit: 0, pageLoad: 300000, script: 30000}, unhandledPromptBehavior: dismiss and notify, webauthn:extension:credBlob: true, webauthn:extension:largeBlob: true, webauthn:virtualAuthenticators: true}\nElement: [[ChromeDriver: chrome on WINDOWS (44ac72d80d434d9b67573d930f7399ca)] -> id: shoppingCart]\nSession ID: 44ac72d80d434d9b67573d930f7399ca","trace":"org.openqa.selenium.ElementClickInterceptedException: element click intercepted: Element <span id=\"shoppingCart\" class=\"sf-OldMyAccount-d0xCHLV38UCH5cD9mOXq\">...</span> is not clickable at point (1505, 9). Other element would receive the click: <div class=\"checkoutui-Modal-1Myi1 checkoutui-Modal-2vGqO\" data-test-class=\"modal_overflow\">...</div>\n  (Session info: chrome=106.0.5249.119)\nBuild info: version: '4.5.0', revision: 'fe167b119a'\nSystem info: os.name: 'Windows 10', os.arch: 'amd64', os.version: '10.0', java.version: '1.8.0_352'\nDriver info: org.openqa.selenium.chrome.ChromeDriver\nCommand: [44ac72d80d434d9b67573d930f7399ca, clickElement {id=5de06495-c3fa-47ac-8dc1-328f60ae5912}]\nCapabilities {acceptInsecureCerts: false, browserName: chrome, browserVersion: 106.0.5249.119, chrome: {chromedriverVersion: 106.0.5249.61 (511755355844..., userDataDir: C:\\Users\\Suat\\AppData\\Local...}, goog:chromeOptions: {debuggerAddress: localhost:64355}, networkConnectionEnabled: false, pageLoadStrategy: normal, platformName: WINDOWS, proxy: Proxy(), se:cdp: ws://localhost:64355/devtoo..., se:cdpVersion: 106.0.5249.119, setWindowRect: true, strictFileInteractability: false, timeouts: {implicit: 0, pageLoad: 300000, script: 30000}, unhandledPromptBehavior: dismiss and notify, webauthn:extension:credBlob: true, webauthn:extension:largeBlob: true, webauthn:virtualAuthenticators: true}\nElement: [[ChromeDriver: chrome on WINDOWS (44ac72d80d434d9b67573d930f7399ca)] -> id: shoppingCart]\nSession ID: 44ac72d80d434d9b67573d930f7399ca\r\n\tat sun.reflect.NativeConstructorAccessorImpl.newInstance0(Native Method)\r\n\tat sun.reflect.NativeConstructorAccessorImpl.newInstance(NativeConstructorAccessorImpl.java:62)\r\n\tat sun.reflect.DelegatingConstructorAccessorImpl.newInstance(DelegatingConstructorAccessorImpl.java:45)\r\n\tat java.lang.reflect.Constructor.newInstance(Constructor.java:423)\r\n\tat org.openqa.selenium.remote.codec.w3c.W3CHttpResponseCodec.createException(W3CHttpResponseCodec.java:200)\r\n\tat org.openqa.selenium.remote.codec.w3c.W3CHttpResponseCodec.decode(W3CHttpResponseCodec.java:133)\r\n\tat org.openqa.selenium.remote.codec.w3c.W3CHttpResponseCodec.decode(W3CHttpResponseCodec.java:53)\r\n\tat org.openqa.selenium.remote.HttpCommandExecutor.execute(HttpCommandExecutor.java:184)\r\n\tat org.openqa.selenium.remote.service.DriverCommandExecutor.invokeExecute(DriverCommandExecutor.java:167)\r\n\tat org.openqa.selenium.remote.service.DriverCommandExecutor.execute(DriverCommandExecutor.java:142)\r\n\tat org.openqa.selenium.remote.RemoteWebDriver.execute(RemoteWebDriver.java:547)\r\n\tat org.openqa.selenium.remote.RemoteWebElement.execute(RemoteWebElement.java:257)\r\n\tat org.openqa.selenium.remote.RemoteWebElement.click(RemoteWebElement.java:78)\r\n\tat page.Weblocates.sepet_sayfasina_git(Weblocates.java:182)\r\n\tat tests.HepsiBuradaTests.testSenario02(HepsiBuradaTests.java:43)\r\n\tat sun.reflect.NativeMethodAccessorImpl.invoke0(Native Method)\r\n\tat sun.reflect.NativeMethodAccessorImpl.invoke(NativeMethodAccessorImpl.java:62)\r\n\tat sun.reflect.DelegatingMethodAccessorImpl.invoke(DelegatingMethodAccessorImpl.java:43)\r\n\tat java.lang.reflect.Method.invoke(Method.java:498)\r\n\tat org.testng.internal.MethodInvocationHelper.invokeMethod(MethodInvocationHelper.java:133)\r\n\tat org.testng.internal.TestInvoker.invokeMethod(TestInvoker.java:598)\r\n\tat org.testng.internal.TestInvoker.invokeTestMethod(TestInvoker.java:173)\r\n\tat org.testng.internal.MethodRunner.runInSequence(MethodRunner.java:46)\r\n\tat org.testng.internal.TestInvoker$MethodInvocationAgent.invoke(TestInvoker.java:824)\r\n\tat org.testng.internal.TestInvoker.invokeTestMethods(TestInvoker.java:146)\r\n\tat org.testng.internal.TestMethodWorker.invokeTestMethods(TestMethodWorker.java:146)\r\n\tat org.testng.internal.TestMethodWorker.run(TestMethodWorker.java:128)\r\n\tat java.util.ArrayList.forEach(ArrayList.java:1259)\r\n\tat org.testng.TestRunner.privateRun(TestRunner.java:794)\r\n\tat org.testng.TestRunner.run(TestRunner.java:596)\r\n\tat org.testng.SuiteRunner.runTest(SuiteRunner.java:377)\r\n\tat org.testng.SuiteRunner.runSequentially(SuiteRunner.java:371)\r\n\tat org.testng.SuiteRunner.privateRun(SuiteRunner.java:332)\r\n\tat org.testng.SuiteRunner.run(SuiteRunner.java:276)\r\n\tat org.testng.SuiteRunnerWorker.runSuite(SuiteRunnerWorker.java:53)\r\n\tat org.testng.SuiteRunnerWorker.run(SuiteRunnerWorker.java:96)\r\n\tat org.testng.TestNG.runSuitesSequentially(TestNG.java:1212)\r\n\tat org.testng.TestNG.runSuitesLocally(TestNG.java:1134)\r\n\tat org.testng.TestNG.runSuites(TestNG.java:1063)\r\n\tat org.testng.TestNG.run(TestNG.java:1031)\r\n\tat com.intellij.rt.testng.IDEARemoteTestNG.run(IDEARemoteTestNG.java:66)\r\n\tat com.intellij.rt.testng.RemoteTestNGStarter.main(RemoteTestNGStarter.java:109)\r\n"},"stage":"finished","steps":[],"attachments":[],"parameters":[],"start":1666772656819,"stop":1666772658041}],"attachments":[{"name":"saveFailureScreenShot","source":"44f3da96-93cf-4199-9882-8a4ed1993c3d-attachment"},{"name":"testSenario02 test fail oldu ve Screen Shot Alindi","source":"62f18794-3f0f-431c-a5c4-683049a85c24-attachment","type":"text/plain"}],"parameters":[],"start":1666772610799,"stop":1666772658415}