{"uuid":"eddc0d51-e92b-4fb2-87be-ced8cab363d6","historyId":"b9ed1b2af5b0362192d3d01799602711","fullName":"tests.HepsiBuradaTests.testSenario01","labels":[{"name":"package","value":"tests.HepsiBuradaTests"},{"name":"testClass","value":"tests.HepsiBuradaTests"},{"name":"testMethod","value":"testSenario01"},{"name":"parentSuite","value":"Default Suite"},{"name":"suite","value":"HepsiBuradaTestSenariyo"},{"name":"subSuite","value":"tests.HepsiBuradaTests"},{"name":"host","value":"hayatbirokul"},{"name":"thread","value":"21888@hayatbirokul.main(1)"},{"name":"framework","value":"testng"},{"name":"language","value":"java"},{"name":"story","value":"HepsiBuradaTest Senaryo 1"}],"links":[],"name":"Login olma,ürün secme ve doğrulama senaryosu","status":"failed","statusDetails":{"known":false,"muted":false,"flaky":false,"message":"expected [Tt Bilişim] but found [Tt Bi̇li̇şi̇m]","trace":"java.lang.AssertionError: expected [Tt Bilişim] but found [Tt Bi̇li̇şi̇m]\r\n\tat org.testng.Assert.fail(Assert.java:99)\r\n\tat org.testng.Assert.failNotEquals(Assert.java:1037)\r\n\tat org.testng.Assert.assertEqualsImpl(Assert.java:140)\r\n\tat org.testng.Assert.assertEquals(Assert.java:122)\r\n\tat org.testng.Assert.assertEquals(Assert.java:629)\r\n\tat org.testng.Assert.assertEquals(Assert.java:639)\r\n\tat page.Weblocates.sepet_urun_onaylama(Weblocates.java:203)\r\n\tat tests.HepsiBuradaTests.testSenario01(HepsiBuradaTests.java:26)\r\n\tat sun.reflect.NativeMethodAccessorImpl.invoke0(Native Method)\r\n\tat sun.reflect.NativeMethodAccessorImpl.invoke(NativeMethodAccessorImpl.java:62)\r\n\tat sun.reflect.DelegatingMethodAccessorImpl.invoke(DelegatingMethodAccessorImpl.java:43)\r\n\tat java.lang.reflect.Method.invoke(Method.java:498)\r\n\tat org.testng.internal.MethodInvocationHelper.invokeMethod(MethodInvocationHelper.java:133)\r\n\tat org.testng.internal.TestInvoker.invokeMethod(TestInvoker.java:598)\r\n\tat org.testng.internal.TestInvoker.invokeTestMethod(TestInvoker.java:173)\r\n\tat org.testng.internal.MethodRunner.runInSequence(MethodRunner.java:46)\r\n\tat org.testng.internal.TestInvoker$MethodInvocationAgent.invoke(TestInvoker.java:824)\r\n\tat org.testng.internal.TestInvoker.invokeTestMethods(TestInvoker.java:146)\r\n\tat org.testng.internal.TestMethodWorker.invokeTestMethods(TestMethodWorker.java:146)\r\n\tat org.testng.internal.TestMethodWorker.run(TestMethodWorker.java:128)\r\n\tat java.util.ArrayList.forEach(ArrayList.java:1259)\r\n\tat org.testng.TestRunner.privateRun(TestRunner.java:794)\r\n\tat org.testng.TestRunner.run(TestRunner.java:596)\r\n\tat org.testng.SuiteRunner.runTest(SuiteRunner.java:377)\r\n\tat org.testng.SuiteRunner.runSequentially(SuiteRunner.java:371)\r\n\tat org.testng.SuiteRunner.privateRun(SuiteRunner.java:332)\r\n\tat org.testng.SuiteRunner.run(SuiteRunner.java:276)\r\n\tat org.testng.SuiteRunnerWorker.runSuite(SuiteRunnerWorker.java:53)\r\n\tat org.testng.SuiteRunnerWorker.run(SuiteRunnerWorker.java:96)\r\n\tat org.testng.TestNG.runSuitesSequentially(TestNG.java:1212)\r\n\tat org.testng.TestNG.runSuitesLocally(TestNG.java:1134)\r\n\tat org.testng.TestNG.runSuites(TestNG.java:1063)\r\n\tat org.testng.TestNG.run(TestNG.java:1031)\r\n\tat com.intellij.rt.testng.IDEARemoteTestNG.run(IDEARemoteTestNG.java:66)\r\n\tat com.intellij.rt.testng.RemoteTestNGStarter.main(RemoteTestNGStarter.java:109)\r\n"},"stage":"finished","description":"Test Description:Login olup urun secme ve dogrulama","steps":[{"name":"Hepsiburada Sayfası Acılır","status":"passed","stage":"finished","steps":[],"attachments":[],"parameters":[],"start":1666724356130,"stop":1666724362875},{"name":"Kullanici Olarak Login Olunur","status":"passed","stage":"finished","steps":[],"attachments":[],"parameters":[],"start":1666724362876,"stop":1666724395103},{"name":"Kullanıcı Olarak Giriş Yapıldığı Dogrulanır","status":"passed","stage":"finished","steps":[],"attachments":[],"parameters":[],"start":1666724395103,"stop":1666724403461},{"name":"laptop Urun Araması Yapılır","status":"passed","stage":"finished","steps":[],"attachments":[],"parameters":[{"name":"urunAdi","value":"laptop"}],"start":1666724403469,"stop":1666724404108},{"name":"Arama Cubugunda laptop Araması Yapıldıgı Dogrulanır","status":"passed","stage":"finished","steps":[],"attachments":[],"parameters":[{"name":"urunAdi","value":"laptop"}],"start":1666724404108,"stop":1666724412511},{"name":"Urun Sayfasından Rastgele Bir Urun Secilir","status":"passed","stage":"finished","steps":[],"attachments":[],"parameters":[],"start":1666724412511,"stop":1666724413753},{"name":"Secilen Urunun Detay Sayfasi Acilir","status":"passed","stage":"finished","steps":[],"attachments":[],"parameters":[],"start":1666724413753,"stop":1666724418505},{"name":"Urunu Satan Diger Satıcılar Kontrol Edilir","status":"passed","stage":"finished","steps":[{"name":"Secilen Urunu Satan 1.Satıcının Urunu Sepete Eklenir","status":"passed","stage":"finished","steps":[],"attachments":[],"parameters":[{"name":"saticiSirasi","value":"1"}],"start":1666724423807,"stop":1666724426858},{"name":"Secilen Urunu Satan 2.Satıcının Urunu Sepete Eklenir","status":"passed","stage":"finished","steps":[],"attachments":[],"parameters":[{"name":"saticiSirasi","value":"2"}],"start":1666724426858,"stop":1666724429921}],"attachments":[],"parameters":[],"start":1666724418505,"stop":1666724429921},{"name":"Sepet Sayfasina Gidilir","status":"passed","stage":"finished","steps":[],"attachments":[],"parameters":[],"start":1666724429921,"stop":1666724431256},{"name":"Sepetteki Urunler Satici Adi ve Urun Title ile Dogrulanir","status":"failed","statusDetails":{"known":false,"muted":false,"flaky":false,"message":"expected [Tt Bilişim] but found [Tt Bi̇li̇şi̇m]","trace":"java.lang.AssertionError: expected [Tt Bilişim] but found [Tt Bi̇li̇şi̇m]\r\n\tat org.testng.Assert.fail(Assert.java:99)\r\n\tat org.testng.Assert.failNotEquals(Assert.java:1037)\r\n\tat org.testng.Assert.assertEqualsImpl(Assert.java:140)\r\n\tat org.testng.Assert.assertEquals(Assert.java:122)\r\n\tat org.testng.Assert.assertEquals(Assert.java:629)\r\n\tat org.testng.Assert.assertEquals(Assert.java:639)\r\n\tat page.Weblocates.sepet_urun_onaylama(Weblocates.java:203)\r\n\tat tests.HepsiBuradaTests.testSenario01(HepsiBuradaTests.java:26)\r\n\tat sun.reflect.NativeMethodAccessorImpl.invoke0(Native Method)\r\n\tat sun.reflect.NativeMethodAccessorImpl.invoke(NativeMethodAccessorImpl.java:62)\r\n\tat sun.reflect.DelegatingMethodAccessorImpl.invoke(DelegatingMethodAccessorImpl.java:43)\r\n\tat java.lang.reflect.Method.invoke(Method.java:498)\r\n\tat org.testng.internal.MethodInvocationHelper.invokeMethod(MethodInvocationHelper.java:133)\r\n\tat org.testng.internal.TestInvoker.invokeMethod(TestInvoker.java:598)\r\n\tat org.testng.internal.TestInvoker.invokeTestMethod(TestInvoker.java:173)\r\n\tat org.testng.internal.MethodRunner.runInSequence(MethodRunner.java:46)\r\n\tat org.testng.internal.TestInvoker$MethodInvocationAgent.invoke(TestInvoker.java:824)\r\n\tat org.testng.internal.TestInvoker.invokeTestMethods(TestInvoker.java:146)\r\n\tat org.testng.internal.TestMethodWorker.invokeTestMethods(TestMethodWorker.java:146)\r\n\tat org.testng.internal.TestMethodWorker.run(TestMethodWorker.java:128)\r\n\tat java.util.ArrayList.forEach(ArrayList.java:1259)\r\n\tat org.testng.TestRunner.privateRun(TestRunner.java:794)\r\n\tat org.testng.TestRunner.run(TestRunner.java:596)\r\n\tat org.testng.SuiteRunner.runTest(SuiteRunner.java:377)\r\n\tat org.testng.SuiteRunner.runSequentially(SuiteRunner.java:371)\r\n\tat org.testng.SuiteRunner.privateRun(SuiteRunner.java:332)\r\n\tat org.testng.SuiteRunner.run(SuiteRunner.java:276)\r\n\tat org.testng.SuiteRunnerWorker.runSuite(SuiteRunnerWorker.java:53)\r\n\tat org.testng.SuiteRunnerWorker.run(SuiteRunnerWorker.java:96)\r\n\tat org.testng.TestNG.runSuitesSequentially(TestNG.java:1212)\r\n\tat org.testng.TestNG.runSuitesLocally(TestNG.java:1134)\r\n\tat org.testng.TestNG.runSuites(TestNG.java:1063)\r\n\tat org.testng.TestNG.run(TestNG.java:1031)\r\n\tat com.intellij.rt.testng.IDEARemoteTestNG.run(IDEARemoteTestNG.java:66)\r\n\tat com.intellij.rt.testng.RemoteTestNGStarter.main(RemoteTestNGStarter.java:109)\r\n"},"stage":"finished","steps":[],"attachments":[],"parameters":[],"start":1666724431256,"stop":1666724433060}],"attachments":[{"name":"saveFailureScreenShot","source":"27c91034-f2da-4dcd-9a50-9e52512f9a33-attachment"},{"name":"testSenario01 test fail oldu ve Screen Shot Alindi","source":"2ea8bdaa-05f1-4075-a64a-59cc2af8716f-attachment","type":"text/plain"}],"parameters":[],"start":1666724356088,"stop":1666724433452}